[0.376s] DEBUG:colcon:Command line arguments: ['/usr/bin/colcon', 'list', '-p', '--base-paths', '/home/mehmet/eloquent_ws/src/mir_robot_ros2']
[0.377s] DEBUG:colcon:Parsed command line arguments: Namespace(base_paths=['/home/mehmet/eloquent_ws/src/mir_robot_ros2'], build_base='build', ignore_user_meta=False, log_base=None, log_level=None, main=<bound method ListVerb.main of <colcon_package_information.verb.list.ListVerb object at 0x7fec643f2eb8>>, metas=['./colcon.meta'], names_only=False, packages_above=None, packages_above_and_dependencies=None, packages_above_depth=None, packages_end=None, packages_ignore=None, packages_ignore_regex=None, packages_select=None, packages_select_build_failed=False, packages_select_by_dep=None, packages_select_regex=None, packages_select_test_failures=False, packages_skip=None, packages_skip_build_finished=False, packages_skip_by_dep=None, packages_skip_regex=None, packages_skip_test_passed=False, packages_skip_up_to=None, packages_start=None, packages_up_to=None, packages_up_to_regex=None, paths=None, paths_only=True, topological_graph=False, topological_graph_density=False, topological_graph_dot=False, topological_graph_dot_cluster=False, topological_graph_dot_include_skipped=False, topological_graph_legend=False, topological_order=False, verb_extension=<colcon_package_information.verb.list.ListVerb object at 0x7fec643f2eb8>, verb_name='list', verb_parser=<colcon_defaults.argument_parser.defaults.DefaultArgumentsDecorator object at 0x7fec6440b128>)
[0.471s] Level 1:colcon.colcon_core.package_discovery:discover_packages(colcon_meta) check parameters
[0.471s] Level 1:colcon.colcon_core.package_discovery:discover_packages(recursive) check parameters
[0.472s] Level 1:colcon.colcon_core.package_discovery:discover_packages(ignore) check parameters
[0.472s] Level 1:colcon.colcon_core.package_discovery:discover_packages(path) check parameters
[0.472s] Level 1:colcon.colcon_core.package_discovery:discover_packages(recursive) discover
[0.472s] INFO:colcon.colcon_core.package_discovery:Crawling recursively for packages in '/home/mehmet/eloquent_ws/src/mir_robot_ros2'
[0.473s] Level 1:colcon.colcon_core.package_identification:_identify(/home/mehmet/eloquent_ws/src/mir_robot_ros2) by extensions ['ignore', 'ignore_ament_install']
[0.473s] Level 1:colcon.colcon_core.package_identification:_identify(/home/mehmet/eloquent_ws/src/mir_robot_ros2) by extension 'ignore'
[0.473s] Level 1:colcon.colcon_core.package_identification:_identify(/home/mehmet/eloquent_ws/src/mir_robot_ros2) by extension 'ignore_ament_install'
[0.473s] Level 1:colcon.colcon_core.package_identification:_identify(/home/mehmet/eloquent_ws/src/mir_robot_ros2) by extensions ['colcon_pkg']
[0.473s] Level 1:colcon.colcon_core.package_identification:_identify(/home/mehmet/eloquent_ws/src/mir_robot_ros2) by extension 'colcon_pkg'
[0.473s] Level 1:colcon.colcon_core.package_identification:_identify(/home/mehmet/eloquent_ws/src/mir_robot_ros2) by extensions ['colcon_meta']
[0.473s] Level 1:colcon.colcon_core.package_identification:_identify(/home/mehmet/eloquent_ws/src/mir_robot_ros2) by extension 'colcon_meta'
[0.474s] Level 1:colcon.colcon_core.package_identification:_identify(/home/mehmet/eloquent_ws/src/mir_robot_ros2) by extensions ['ros']
[0.474s] Level 1:colcon.colcon_core.package_identification:_identify(/home/mehmet/eloquent_ws/src/mir_robot_ros2) by extension 'ros'
[0.502s] Level 1:colcon.colcon_core.package_identification:_identify(/home/mehmet/eloquent_ws/src/mir_robot_ros2) by extensions ['cmake', 'python']
[0.502s] Level 1:colcon.colcon_core.package_identification:_identify(/home/mehmet/eloquent_ws/src/mir_robot_ros2) by extension 'cmake'
[0.503s] Level 1:colcon.colcon_core.package_identification:_identify(/home/mehmet/eloquent_ws/src/mir_robot_ros2) by extension 'python'
[0.503s] Level 1:colcon.colcon_core.package_identification:_identify(/home/mehmet/eloquent_ws/src/mir_robot_ros2) by extensions ['python_setup_py']
[0.503s] Level 1:colcon.colcon_core.package_identification:_identify(/home/mehmet/eloquent_ws/src/mir_robot_ros2) by extension 'python_setup_py'
[0.503s] Level 1:colcon.colcon_core.package_identification:_identify(/home/mehmet/eloquent_ws/src/mir_robot_ros2/mir_actions) by extensions ['ignore', 'ignore_ament_install']
[0.503s] Level 1:colcon.colcon_core.package_identification:_identify(/home/mehmet/eloquent_ws/src/mir_robot_ros2/mir_actions) by extension 'ignore'
[0.504s] Level 1:colcon.colcon_core.package_identification:_identify(/home/mehmet/eloquent_ws/src/mir_robot_ros2/mir_actions) by extension 'ignore_ament_install'
[0.504s] Level 1:colcon.colcon_core.package_identification:_identify(/home/mehmet/eloquent_ws/src/mir_robot_ros2/mir_actions) by extensions ['colcon_pkg']
[0.504s] Level 1:colcon.colcon_core.package_identification:_identify(/home/mehmet/eloquent_ws/src/mir_robot_ros2/mir_actions) by extension 'colcon_pkg'
[0.504s] Level 1:colcon.colcon_core.package_identification:_identify(/home/mehmet/eloquent_ws/src/mir_robot_ros2/mir_actions) by extensions ['colcon_meta']
[0.504s] Level 1:colcon.colcon_core.package_identification:_identify(/home/mehmet/eloquent_ws/src/mir_robot_ros2/mir_actions) by extension 'colcon_meta'
[0.504s] Level 1:colcon.colcon_core.package_identification:_identify(/home/mehmet/eloquent_ws/src/mir_robot_ros2/mir_actions) by extensions ['ros']
[0.504s] Level 1:colcon.colcon_core.package_identification:_identify(/home/mehmet/eloquent_ws/src/mir_robot_ros2/mir_actions) by extension 'ros'
[0.512s] DEBUG:colcon.colcon_core.package_identification:Package '/home/mehmet/eloquent_ws/src/mir_robot_ros2/mir_actions' with type 'ros.ament_cmake' and name 'mir_actions'
[0.513s] Level 1:colcon.colcon_core.package_identification:_identify(/home/mehmet/eloquent_ws/src/mir_robot_ros2/mir_description) by extensions ['ignore', 'ignore_ament_install']
[0.513s] Level 1:colcon.colcon_core.package_identification:_identify(/home/mehmet/eloquent_ws/src/mir_robot_ros2/mir_description) by extension 'ignore'
[0.513s] Level 1:colcon.colcon_core.package_identification:_identify(/home/mehmet/eloquent_ws/src/mir_robot_ros2/mir_description) by extension 'ignore_ament_install'
[0.513s] Level 1:colcon.colcon_core.package_identification:_identify(/home/mehmet/eloquent_ws/src/mir_robot_ros2/mir_description) by extensions ['colcon_pkg']
[0.513s] Level 1:colcon.colcon_core.package_identification:_identify(/home/mehmet/eloquent_ws/src/mir_robot_ros2/mir_description) by extension 'colcon_pkg'
[0.514s] Level 1:colcon.colcon_core.package_identification:_identify(/home/mehmet/eloquent_ws/src/mir_robot_ros2/mir_description) by extensions ['colcon_meta']
[0.514s] Level 1:colcon.colcon_core.package_identification:_identify(/home/mehmet/eloquent_ws/src/mir_robot_ros2/mir_description) by extension 'colcon_meta'
[0.514s] Level 1:colcon.colcon_core.package_identification:_identify(/home/mehmet/eloquent_ws/src/mir_robot_ros2/mir_description) by extensions ['ros']
[0.514s] Level 1:colcon.colcon_core.package_identification:_identify(/home/mehmet/eloquent_ws/src/mir_robot_ros2/mir_description) by extension 'ros'
[0.516s] DEBUG:colcon.colcon_core.package_identification:Package '/home/mehmet/eloquent_ws/src/mir_robot_ros2/mir_description' with type 'ros.ament_cmake' and name 'mir_description'
[0.516s] Level 1:colcon.colcon_core.package_identification:_identify(/home/mehmet/eloquent_ws/src/mir_robot_ros2/mir_msgs) by extensions ['ignore', 'ignore_ament_install']
[0.517s] Level 1:colcon.colcon_core.package_identification:_identify(/home/mehmet/eloquent_ws/src/mir_robot_ros2/mir_msgs) by extension 'ignore'
[0.517s] Level 1:colcon.colcon_core.package_identification:_identify(/home/mehmet/eloquent_ws/src/mir_robot_ros2/mir_msgs) by extension 'ignore_ament_install'
[0.517s] Level 1:colcon.colcon_core.package_identification:_identify(/home/mehmet/eloquent_ws/src/mir_robot_ros2/mir_msgs) by extensions ['colcon_pkg']
[0.517s] Level 1:colcon.colcon_core.package_identification:_identify(/home/mehmet/eloquent_ws/src/mir_robot_ros2/mir_msgs) by extension 'colcon_pkg'
[0.517s] Level 1:colcon.colcon_core.package_identification:_identify(/home/mehmet/eloquent_ws/src/mir_robot_ros2/mir_msgs) by extensions ['colcon_meta']
[0.517s] Level 1:colcon.colcon_core.package_identification:_identify(/home/mehmet/eloquent_ws/src/mir_robot_ros2/mir_msgs) by extension 'colcon_meta'
[0.518s] Level 1:colcon.colcon_core.package_identification:_identify(/home/mehmet/eloquent_ws/src/mir_robot_ros2/mir_msgs) by extensions ['ros']
[0.518s] Level 1:colcon.colcon_core.package_identification:_identify(/home/mehmet/eloquent_ws/src/mir_robot_ros2/mir_msgs) by extension 'ros'
[0.519s] DEBUG:colcon.colcon_core.package_identification:Package '/home/mehmet/eloquent_ws/src/mir_robot_ros2/mir_msgs' with type 'ros.ament_cmake' and name 'mir_msgs'
[0.519s] Level 1:colcon.colcon_core.package_identification:_identify(/home/mehmet/eloquent_ws/src/mir_robot_ros2/mir_navigation) by extensions ['ignore', 'ignore_ament_install']
[0.520s] Level 1:colcon.colcon_core.package_identification:_identify(/home/mehmet/eloquent_ws/src/mir_robot_ros2/mir_navigation) by extension 'ignore'
[0.520s] Level 1:colcon.colcon_core.package_identification:_identify(/home/mehmet/eloquent_ws/src/mir_robot_ros2/mir_navigation) by extension 'ignore_ament_install'
[0.520s] Level 1:colcon.colcon_core.package_identification:_identify(/home/mehmet/eloquent_ws/src/mir_robot_ros2/mir_navigation) by extensions ['colcon_pkg']
[0.520s] Level 1:colcon.colcon_core.package_identification:_identify(/home/mehmet/eloquent_ws/src/mir_robot_ros2/mir_navigation) by extension 'colcon_pkg'
[0.520s] Level 1:colcon.colcon_core.package_identification:_identify(/home/mehmet/eloquent_ws/src/mir_robot_ros2/mir_navigation) by extensions ['colcon_meta']
[0.520s] Level 1:colcon.colcon_core.package_identification:_identify(/home/mehmet/eloquent_ws/src/mir_robot_ros2/mir_navigation) by extension 'colcon_meta'
[0.521s] Level 1:colcon.colcon_core.package_identification:_identify(/home/mehmet/eloquent_ws/src/mir_robot_ros2/mir_navigation) by extensions ['ros']
[0.521s] Level 1:colcon.colcon_core.package_identification:_identify(/home/mehmet/eloquent_ws/src/mir_robot_ros2/mir_navigation) by extension 'ros'
[0.522s] DEBUG:colcon.colcon_core.package_identification:Package '/home/mehmet/eloquent_ws/src/mir_robot_ros2/mir_navigation' with type 'ros.ament_cmake' and name 'mir_navigation'
[0.523s] Level 1:colcon.colcon_core.package_identification:_identify(/home/mehmet/eloquent_ws/src/mir_robot_ros2/mir_robot_ros2) by extensions ['ignore', 'ignore_ament_install']
[0.523s] Level 1:colcon.colcon_core.package_identification:_identify(/home/mehmet/eloquent_ws/src/mir_robot_ros2/mir_robot_ros2) by extension 'ignore'
[0.523s] Level 1:colcon.colcon_core.package_identification:_identify(/home/mehmet/eloquent_ws/src/mir_robot_ros2/mir_robot_ros2) by extension 'ignore_ament_install'
[0.523s] Level 1:colcon.colcon_core.package_identification:_identify(/home/mehmet/eloquent_ws/src/mir_robot_ros2/mir_robot_ros2) by extensions ['colcon_pkg']
[0.523s] Level 1:colcon.colcon_core.package_identification:_identify(/home/mehmet/eloquent_ws/src/mir_robot_ros2/mir_robot_ros2) by extension 'colcon_pkg'
[0.523s] Level 1:colcon.colcon_core.package_identification:_identify(/home/mehmet/eloquent_ws/src/mir_robot_ros2/mir_robot_ros2) by extensions ['colcon_meta']
[0.524s] Level 1:colcon.colcon_core.package_identification:_identify(/home/mehmet/eloquent_ws/src/mir_robot_ros2/mir_robot_ros2) by extension 'colcon_meta'
[0.524s] Level 1:colcon.colcon_core.package_identification:_identify(/home/mehmet/eloquent_ws/src/mir_robot_ros2/mir_robot_ros2) by extensions ['ros']
[0.524s] Level 1:colcon.colcon_core.package_identification:_identify(/home/mehmet/eloquent_ws/src/mir_robot_ros2/mir_robot_ros2) by extension 'ros'
[0.528s] DEBUG:colcon.colcon_core.package_identification:Package '/home/mehmet/eloquent_ws/src/mir_robot_ros2/mir_robot_ros2' with type 'ros.ament_python' and name 'mir_robot_ros2'
[0.528s] Level 1:colcon.colcon_core.package_identification:_identify(/home/mehmet/eloquent_ws/src/mir_robot_ros2/sdc21x0) by extensions ['ignore', 'ignore_ament_install']
[0.528s] Level 1:colcon.colcon_core.package_identification:_identify(/home/mehmet/eloquent_ws/src/mir_robot_ros2/sdc21x0) by extension 'ignore'
[0.528s] Level 1:colcon.colcon_core.package_identification:_identify(/home/mehmet/eloquent_ws/src/mir_robot_ros2/sdc21x0) by extension 'ignore_ament_install'
[0.529s] Level 1:colcon.colcon_core.package_identification:_identify(/home/mehmet/eloquent_ws/src/mir_robot_ros2/sdc21x0) by extensions ['colcon_pkg']
[0.529s] Level 1:colcon.colcon_core.package_identification:_identify(/home/mehmet/eloquent_ws/src/mir_robot_ros2/sdc21x0) by extension 'colcon_pkg'
[0.529s] Level 1:colcon.colcon_core.package_identification:_identify(/home/mehmet/eloquent_ws/src/mir_robot_ros2/sdc21x0) by extensions ['colcon_meta']
[0.529s] Level 1:colcon.colcon_core.package_identification:_identify(/home/mehmet/eloquent_ws/src/mir_robot_ros2/sdc21x0) by extension 'colcon_meta'
[0.529s] Level 1:colcon.colcon_core.package_identification:_identify(/home/mehmet/eloquent_ws/src/mir_robot_ros2/sdc21x0) by extensions ['ros']
[0.529s] Level 1:colcon.colcon_core.package_identification:_identify(/home/mehmet/eloquent_ws/src/mir_robot_ros2/sdc21x0) by extension 'ros'
[0.531s] DEBUG:colcon.colcon_core.package_identification:Package '/home/mehmet/eloquent_ws/src/mir_robot_ros2/sdc21x0' with type 'ros.ament_cmake' and name 'sdc21x0'
[0.531s] Level 1:colcon.colcon_core.package_discovery:discover_packages(recursive) using defaults
